[ 2014-06-10T22:44:31+08:00 ] 127.0.0.1 /PublicPlatform/index.php/DataManager/Index/index/tableId/1.html
INFO: [ route_check ] --START--
INFO: CheckRoute Behavior ::run [ RunTime:0.013445s ]
INFO: [ route_check ] --END-- [ RunTime:0.160422s ]
INFO: [ app_begin ] --START--
INFO: ReadHtmlCache Behavior ::run [ RunTime:0.016046s ]
INFO: [ app_begin ] --END-- [ RunTime:0.016259s ]
NOTIC: [2048] Declaration of IndexAction::error() should be compatible with Action::error($message = '', $jumpUrl = '', $ajax = false) D:\wamp\www\PublicPlatform\app\Lib\Action\DataManager\IndexAction.class.php 第 694 行.
NOTIC: 建议使用I方法替代_request
INFO: [ view_parse ] --START--
INFO: ParseTemplate Behavior ::run [ RunTime:0.290027s ]
INFO: [ view_parse ] --END-- [ RunTime:0.290306s ]
INFO: [ view_filter ] --START--
INFO: ContentReplace Behavior ::run [ RunTime:0.053968s ]
INFO: TokenBuild Behavior ::run [ RunTime:0.060062s ]
INFO: WriteHtmlCache Behavior ::run [ RunTime:0.035623s ]
INFO: ShowRuntime Behavior ::run [ RunTime:0.027515s ]
INFO: [ view_filter ] --END-- [ RunTime:0.177938s ]
INFO: [ view_end ] --START--
INFO: ShowPageTrace Behavior ::run [ RunTime:0.004222s ]
INFO: [ view_end ] --END-- [ RunTime:0.004494s ]

[ 2014-06-10T22:44:42+08:00 ] 127.0.0.1 /PublicPlatform/index.php/DataManager/Index/manageTable/tableId/Country.html
INFO: [ route_check ] --START--
INFO: CheckRoute Behavior ::run [ RunTime:0.004341s ]
INFO: [ route_check ] --END-- [ RunTime:0.004655s ]
INFO: [ app_begin ] --START--
INFO: ReadHtmlCache Behavior ::run [ RunTime:0.002763s ]
INFO: [ app_begin ] --END-- [ RunTime:0.003035s ]
NOTIC: [2048] Declaration of IndexAction::error() should be compatible with Action::error($message = '', $jumpUrl = '', $ajax = false) D:\wamp\www\PublicPlatform\app\Lib\Action\DataManager\IndexAction.class.php 第 694 行.
NOTIC: 建议使用I方法替代_request
NOTIC: [8] Undefined index: list D:\wamp\www\PublicPlatform\app\Lib\Action\DataManager\IndexAction.class.php 第 389 行.
NOTIC: [2] Invalid argument supplied for foreach() D:\wamp\www\PublicPlatform\app\Lib\Action\DataManager\IndexAction.class.php 第 389 行.
SQL: SHOW COLUMNS FROM `country` [ RunTime:0.162150s ]
SQL: SELECT COUNT(*) AS tp_count FROM `country` LIMIT 1   [ RunTime:0.122336s ]
SQL: SELECT * FROM `country` LIMIT 0,20   [ RunTime:0.057341s ]
INFO: [ view_parse ] --START--
INFO: ParseTemplate Behavior ::run [ RunTime:0.085996s ]
INFO: [ view_parse ] --END-- [ RunTime:0.086427s ]
INFO: [ view_filter ] --START--
INFO: ContentReplace Behavior ::run [ RunTime:0.011876s ]
INFO: TokenBuild Behavior ::run [ RunTime:0.004408s ]
INFO: WriteHtmlCache Behavior ::run [ RunTime:0.002360s ]
INFO: ShowRuntime Behavior ::run [ RunTime:0.005209s ]
INFO: [ view_filter ] --END-- [ RunTime:0.024781s ]
NOTIC: [8] Constant THEME_NAME already defined D:\wamp\www\PublicPlatform\Libs\ThinkPHP\Lib\Core\View.class.php 第 223 行.
NOTIC: [8] Constant THEME_PATH already defined D:\wamp\www\PublicPlatform\Libs\ThinkPHP\Lib\Core\View.class.php 第 174 行.
NOTIC: [8] Constant APP_TMPL_PATH already defined D:\wamp\www\PublicPlatform\Libs\ThinkPHP\Lib\Core\View.class.php 第 175 行.
INFO: [ view_parse ] --START--
NOTIC: [8] Undefined variable: FilterContent D:\wamp\www\PublicPlatform\app\Runtime\Cache\DataManager\9374d1bb834b953ce3ec5148a8cbe68d.php 第 58 行.
INFO: ParseTemplate Behavior ::run [ RunTime:0.035791s ]
INFO: [ view_parse ] --END-- [ RunTime:-0.054007s ]
INFO: [ view_filter ] --START--
INFO: ContentReplace Behavior ::run [ RunTime:0.009594s ]
INFO: TokenBuild Behavior ::run [ RunTime:0.001619s ]
INFO: WriteHtmlCache Behavior ::run [ RunTime:0.000061s ]
INFO: ShowRuntime Behavior ::run [ RunTime:0.002759s ]
INFO: [ view_filter ] --END-- [ RunTime:-0.077071s ]
INFO: [ view_end ] --START--
INFO: ShowPageTrace Behavior ::run [ RunTime:0.003364s ]
INFO: [ view_end ] --END-- [ RunTime:0.003709s ]

[ 2014-06-10T22:44:48+08:00 ] 127.0.0.1 /PublicPlatform/index.php/DataManager/Index/manageTable/tableId/Province.html
INFO: [ route_check ] --START--
INFO: CheckRoute Behavior ::run [ RunTime:0.003081s ]
INFO: [ route_check ] --END-- [ RunTime:0.003600s ]
INFO: [ app_begin ] --START--
INFO: ReadHtmlCache Behavior ::run [ RunTime:0.002155s ]
INFO: [ app_begin ] --END-- [ RunTime:0.002427s ]
NOTIC: [2048] Declaration of IndexAction::error() should be compatible with Action::error($message = '', $jumpUrl = '', $ajax = false) D:\wamp\www\PublicPlatform\app\Lib\Action\DataManager\IndexAction.class.php 第 694 行.
NOTIC: 建议使用I方法替代_request
SQL: SHOW COLUMNS FROM `country` [ RunTime:0.011192s ]
SQL: SELECT `country_id`,`country_name` FROM `country`  [ RunTime:0.056216s ]
INFO: [ view_parse ] --START--
INFO: ParseTemplate Behavior ::run [ RunTime:0.050466s ]
INFO: [ view_parse ] --END-- [ RunTime:0.050895s ]
INFO: [ view_filter ] --START--
INFO: ContentReplace Behavior ::run [ RunTime:0.002134s ]
INFO: TokenBuild Behavior ::run [ RunTime:0.001829s ]
INFO: WriteHtmlCache Behavior ::run [ RunTime:0.001407s ]
INFO: ShowRuntime Behavior ::run [ RunTime:0.002262s ]
INFO: [ view_filter ] --END-- [ RunTime:0.008442s ]
NOTIC: [8] Constant THEME_NAME already defined D:\wamp\www\PublicPlatform\Libs\ThinkPHP\Lib\Core\View.class.php 第 223 行.
NOTIC: [8] Constant THEME_PATH already defined D:\wamp\www\PublicPlatform\Libs\ThinkPHP\Lib\Core\View.class.php 第 174 行.
NOTIC: [8] Constant APP_TMPL_PATH already defined D:\wamp\www\PublicPlatform\Libs\ThinkPHP\Lib\Core\View.class.php 第 175 行.
INFO: [ view_parse ] --START--
NOTIC: [8] Undefined variable: MainContent D:\wamp\www\PublicPlatform\app\Runtime\Cache\DataManager\9374d1bb834b953ce3ec5148a8cbe68d.php 第 61 行.
INFO: ParseTemplate Behavior ::run [ RunTime:0.036470s ]
INFO: [ view_parse ] --END-- [ RunTime:-0.010110s ]
INFO: [ view_filter ] --START--
INFO: ContentReplace Behavior ::run [ RunTime:0.000388s ]
INFO: TokenBuild Behavior ::run [ RunTime:0.000331s ]
INFO: WriteHtmlCache Behavior ::run [ RunTime:0.000058s ]
INFO: ShowRuntime Behavior ::run [ RunTime:0.000484s ]
INFO: [ view_filter ] --END-- [ RunTime:-0.038499s ]
INFO: [ view_end ] --START--
INFO: ShowPageTrace Behavior ::run [ RunTime:0.003061s ]
INFO: [ view_end ] --END-- [ RunTime:0.003326s ]

[ 2014-06-10T22:44:51+08:00 ] 127.0.0.1 /PublicPlatform/index.php/DataManager/Index/manageTable/tableId/City.html
INFO: [ route_check ] --START--
INFO: CheckRoute Behavior ::run [ RunTime:0.002821s ]
INFO: [ route_check ] --END-- [ RunTime:0.003126s ]
INFO: [ app_begin ] --START--
INFO: ReadHtmlCache Behavior ::run [ RunTime:0.002303s ]
INFO: [ app_begin ] --END-- [ RunTime:0.002577s ]
NOTIC: [2048] Declaration of IndexAction::error() should be compatible with Action::error($message = '', $jumpUrl = '', $ajax = false) D:\wamp\www\PublicPlatform\app\Lib\Action\DataManager\IndexAction.class.php 第 694 行.
NOTIC: 建议使用I方法替代_request
SQL: SHOW COLUMNS FROM `country` [ RunTime:0.011319s ]
SQL: SELECT `country_id`,`country_name` FROM `country`  [ RunTime:0.005612s ]
INFO: [ view_parse ] --START--
INFO: ParseTemplate Behavior ::run [ RunTime:0.042672s ]
INFO: [ view_parse ] --END-- [ RunTime:0.043037s ]
INFO: [ view_filter ] --START--
INFO: ContentReplace Behavior ::run [ RunTime:0.002028s ]
INFO: TokenBuild Behavior ::run [ RunTime:0.001938s ]
INFO: WriteHtmlCache Behavior ::run [ RunTime:0.001727s ]
INFO: ShowRuntime Behavior ::run [ RunTime:0.002198s ]
INFO: [ view_filter ] --END-- [ RunTime:0.008650s ]
NOTIC: [8] Constant THEME_NAME already defined D:\wamp\www\PublicPlatform\Libs\ThinkPHP\Lib\Core\View.class.php 第 223 行.
NOTIC: [8] Constant THEME_PATH already defined D:\wamp\www\PublicPlatform\Libs\ThinkPHP\Lib\Core\View.class.php 第 174 行.
NOTIC: [8] Constant APP_TMPL_PATH already defined D:\wamp\www\PublicPlatform\Libs\ThinkPHP\Lib\Core\View.class.php 第 175 行.
INFO: [ view_parse ] --START--
NOTIC: [8] Undefined variable: MainContent D:\wamp\www\PublicPlatform\app\Runtime\Cache\DataManager\9374d1bb834b953ce3ec5148a8cbe68d.php 第 61 行.
INFO: ParseTemplate Behavior ::run [ RunTime:0.035234s ]
INFO: [ view_parse ] --END-- [ RunTime:-0.010370s ]
INFO: [ view_filter ] --START--
INFO: ContentReplace Behavior ::run [ RunTime:0.000388s ]
INFO: TokenBuild Behavior ::run [ RunTime:0.000270s ]
INFO: WriteHtmlCache Behavior ::run [ RunTime:0.000058s ]
INFO: ShowRuntime Behavior ::run [ RunTime:0.000426s ]
INFO: [ view_filter ] --END-- [ RunTime:-0.037360s ]
INFO: [ view_end ] --START--
INFO: ShowPageTrace Behavior ::run [ RunTime:0.003180s ]
INFO: [ view_end ] --END-- [ RunTime:0.003449s ]

