[ 2014-05-31T20:46:31+08:00 ] 127.0.0.1 /PublicPlatform/index.php/DataManager/Index/index/tableId/1.html
INFO: [ route_check ] --START--
INFO: CheckRoute Behavior ::run [ RunTime:0.040066s ]
INFO: [ route_check ] --END-- [ RunTime:0.101716s ]
INFO: [ app_begin ] --START--
INFO: ReadHtmlCache Behavior ::run [ RunTime:0.027632s ]
INFO: [ app_begin ] --END-- [ RunTime:0.028010s ]
NOTIC: [2048] Declaration of IndexAction::error() should be compatible with Action::error($message = '', $jumpUrl = '', $ajax = false) I:\PublicPlatform\app\Lib\Action\DataManager\IndexAction.class.php 第 694 行.
NOTIC: 建议使用I方法替代_request
INFO: [ view_parse ] --START--
INFO: ParseTemplate Behavior ::run [ RunTime:1.061203s ]
INFO: [ view_parse ] --END-- [ RunTime:1.061537s ]
INFO: [ view_filter ] --START--
INFO: ContentReplace Behavior ::run [ RunTime:0.030102s ]
INFO: TokenBuild Behavior ::run [ RunTime:0.027701s ]
INFO: WriteHtmlCache Behavior ::run [ RunTime:0.021638s ]
INFO: ShowRuntime Behavior ::run [ RunTime:0.026950s ]
INFO: [ view_filter ] --END-- [ RunTime:0.107448s ]
INFO: [ view_end ] --START--
INFO: ShowPageTrace Behavior ::run [ RunTime:0.029839s ]
INFO: [ view_end ] --END-- [ RunTime:0.030265s ]

[ 2014-05-31T20:47:06+08:00 ] 127.0.0.1 /PublicPlatform/index.php/DataManager/Index/manageTable/tableId/Country.html
INFO: [ route_check ] --START--
INFO: CheckRoute Behavior ::run [ RunTime:0.022233s ]
INFO: [ route_check ] --END-- [ RunTime:0.022739s ]
INFO: [ app_begin ] --START--
INFO: ReadHtmlCache Behavior ::run [ RunTime:0.010503s ]
INFO: [ app_begin ] --END-- [ RunTime:0.010822s ]
NOTIC: [2048] Declaration of IndexAction::error() should be compatible with Action::error($message = '', $jumpUrl = '', $ajax = false) I:\PublicPlatform\app\Lib\Action\DataManager\IndexAction.class.php 第 694 行.
NOTIC: 建议使用I方法替代_request
NOTIC: [8] Undefined index: list I:\PublicPlatform\app\Lib\Action\DataManager\IndexAction.class.php 第 389 行.
NOTIC: [2] Invalid argument supplied for foreach() I:\PublicPlatform\app\Lib\Action\DataManager\IndexAction.class.php 第 389 行.
SQL: SHOW COLUMNS FROM `country` [ RunTime:0.992618s ]
SQL: SELECT COUNT(*) AS tp_count FROM `country` LIMIT 1   [ RunTime:0.083947s ]
SQL: SELECT * FROM `country` LIMIT 0,20   [ RunTime:0.099546s ]
INFO: [ view_parse ] --START--
INFO: ParseTemplate Behavior ::run [ RunTime:0.423556s ]
INFO: [ view_parse ] --END-- [ RunTime:0.423828s ]
INFO: [ view_filter ] --START--
INFO: ContentReplace Behavior ::run [ RunTime:0.018314s ]
INFO: TokenBuild Behavior ::run [ RunTime:0.016989s ]
INFO: WriteHtmlCache Behavior ::run [ RunTime:0.010473s ]
INFO: ShowRuntime Behavior ::run [ RunTime:0.015646s ]
INFO: [ view_filter ] --END-- [ RunTime:0.062291s ]
NOTIC: [8] Constant THEME_NAME already defined I:\PublicPlatform\Libs\ThinkPHP\Lib\Core\View.class.php 第 223 行.
NOTIC: [8] Constant THEME_PATH already defined I:\PublicPlatform\Libs\ThinkPHP\Lib\Core\View.class.php 第 174 行.
NOTIC: [8] Constant APP_TMPL_PATH already defined I:\PublicPlatform\Libs\ThinkPHP\Lib\Core\View.class.php 第 175 行.
INFO: [ view_parse ] --START--
NOTIC: [8] Undefined variable: FilterContent I:\PublicPlatform\app\Runtime\Cache\DataManager\9374d1bb834b953ce3ec5148a8cbe68d.php 第 58 行.
INFO: ParseTemplate Behavior ::run [ RunTime:0.235121s ]
INFO: [ view_parse ] --END-- [ RunTime:-0.071765s ]
INFO: [ view_filter ] --START--
INFO: ContentReplace Behavior ::run [ RunTime:0.009396s ]
INFO: TokenBuild Behavior ::run [ RunTime:0.002002s ]
INFO: WriteHtmlCache Behavior ::run [ RunTime:0.000065s ]
INFO: ShowRuntime Behavior ::run [ RunTime:0.003841s ]
INFO: [ view_filter ] --END-- [ RunTime:-0.244757s ]
INFO: [ view_end ] --START--
INFO: ShowPageTrace Behavior ::run [ RunTime:0.012140s ]
INFO: [ view_end ] --END-- [ RunTime:0.012436s ]

