[ 2014-05-28T09:09:46+08:00 ] 127.0.0.1 /PublicPlatform/index.php/DataManager/Index/manageTable/tableId/Scenery/getCountry/1/getProvince/18/getCity/190/pageIndex/3.html
INFO: [ route_check ] --START--
INFO: CheckRoute Behavior ::run [ RunTime:0.005757s ]
INFO: [ route_check ] --END-- [ RunTime:0.006636s ]
INFO: [ app_begin ] --START--
INFO: ReadHtmlCache Behavior ::run [ RunTime:0.004612s ]
INFO: [ app_begin ] --END-- [ RunTime:0.005412s ]
NOTIC: [2048] Declaration of IndexAction::error() should be compatible with that of Action::error() K:\PublicPlatform\app\Lib\Action\DataManager\IndexAction.class.php 第 694 行.
NOTIC: 建议使用I方法替代_request
SQL: SHOW COLUMNS FROM `country` [ RunTime:0.032418s ]
SQL: SELECT `country_id`,`country_name` FROM `country`  [ RunTime:0.025235s ]
INFO: [ view_parse ] --START--
INFO: ParseTemplate Behavior ::run [ RunTime:0.490664s ]
INFO: [ view_parse ] --END-- [ RunTime:0.491548s ]
INFO: [ view_filter ] --START--
INFO: ContentReplace Behavior ::run [ RunTime:0.004554s ]
INFO: TokenBuild Behavior ::run [ RunTime:0.004370s ]
INFO: WriteHtmlCache Behavior ::run [ RunTime:0.004092s ]
INFO: ShowRuntime Behavior ::run [ RunTime:0.004768s ]
INFO: [ view_filter ] --END-- [ RunTime:0.020021s ]
NOTIC: [8] Constant THEME_NAME already defined K:\PublicPlatform\Libs\ThinkPHP\Lib\Core\View.class.php 第 223 行.
NOTIC: [8] Constant THEME_PATH already defined K:\PublicPlatform\Libs\ThinkPHP\Lib\Core\View.class.php 第 174 行.
NOTIC: [8] Constant APP_TMPL_PATH already defined K:\PublicPlatform\Libs\ThinkPHP\Lib\Core\View.class.php 第 175 行.
INFO: [ view_parse ] --START--
NOTIC: [8] Undefined variable: MainContent K:\PublicPlatform\app\Runtime\Cache\DataManager\9374d1bb834b953ce3ec5148a8cbe68d.php 第 61 行.
INFO: ParseTemplate Behavior ::run [ RunTime:0.360155s ]
INFO: [ view_parse ] --END-- [ RunTime:-0.026174s ]
INFO: [ view_filter ] --START--
INFO: ContentReplace Behavior ::run [ RunTime:0.000642s ]
INFO: TokenBuild Behavior ::run [ RunTime:0.000894s ]
INFO: WriteHtmlCache Behavior ::run [ RunTime:0.000181s ]
INFO: ShowRuntime Behavior ::run [ RunTime:0.001391s ]
INFO: [ view_filter ] --END-- [ RunTime:-0.367122s ]
INFO: [ view_end ] --START--
INFO: ShowPageTrace Behavior ::run [ RunTime:0.004701s ]
INFO: [ view_end ] --END-- [ RunTime:0.005574s ]

